2025-01-05T15:14:52.953Z ::1 - 200 GET /favicon.ico
2025-01-05T15:15:25.140Z ::1 - 200 GET /api/order
2025-01-05T15:15:30.382Z ::1 - 200 GET /404
2025-01-05T15:15:54.301Z ::1 - 200 GET /er
2025-01-16T14:42:01.674Z ::1 - 200 GET /admin
2025-01-16T14:42:01.730Z ::1 - 200 GET /style.css
2025-01-16T14:42:01.740Z ::1 - 200 GET /api/product
2025-01-16T14:42:01.752Z ::1 - 200 GET /favicon.ico
2025-01-16T14:42:01.761Z ::1 - 200 GET /api/order
2025-01-16T14:42:03.142Z ::1 - 200 GET /admin
2025-01-16T14:42:03.172Z ::1 - 200 GET /style.css
2025-01-16T14:42:03.211Z ::1 - 200 GET /api/product
2025-01-16T14:42:03.217Z ::1 - 200 GET /api/order
2025-01-16T14:42:03.235Z ::1 - 200 GET /favicon.ico
2025-01-16T14:42:04.042Z ::1 - 200 GET /admin
2025-01-16T14:42:04.068Z ::1 - 200 GET /style.css
2025-01-16T14:42:04.083Z ::1 - 200 GET /api/product
2025-01-16T14:42:04.093Z ::1 - 200 GET /api/order
2025-01-16T14:42:04.093Z ::1 - 200 GET /favicon.ico
2025-01-16T14:42:04.482Z ::1 - 200 GET /admin/products
2025-01-16T14:42:04.516Z ::1 - 200 GET /style.css
2025-01-16T14:42:04.527Z ::1 - 200 GET /icons/plus.svg
2025-01-16T14:42:04.534Z ::1 - 200 GET /api/product
2025-01-16T14:42:04.547Z ::1 - 200 GET /icons/pencil.svg
2025-01-16T14:42:04.548Z ::1 - 200 GET /favicon.ico
2025-01-16T14:42:05.236Z ::1 - 200 GET /admin/orders
2025-01-16T14:42:05.267Z ::1 - 200 GET /style.css
2025-01-16T14:42:05.286Z ::1 - 200 GET /api/order
2025-01-16T14:42:05.297Z ::1 - 200 GET /favicon.ico
2025-01-16T14:42:05.299Z ::1 - 200 GET /icons/eye.svg
2025-01-16T14:42:05.979Z ::1 - 200 GET /admin/products
2025-01-16T14:42:06.020Z ::1 - 200 GET /style.css
2025-01-16T14:42:06.023Z ::1 - 200 GET /icons/plus.svg
2025-01-16T14:42:06.028Z ::1 - 200 GET /api/product
2025-01-16T14:42:06.039Z ::1 - 200 GET /icons/pencil.svg
2025-01-16T14:42:06.039Z ::1 - 200 GET /favicon.ico
2025-01-16T14:42:11.256Z ::1 - 200 GET /admin
2025-01-16T14:42:11.306Z ::1 - 200 GET /style.css
2025-01-16T14:42:11.310Z ::1 - 200 GET /api/product
2025-01-16T14:42:11.324Z ::1 - 200 GET /api/order
2025-01-16T14:42:11.326Z ::1 - 200 GET /favicon.ico
2025-01-16T14:42:14.457Z ::1 - 200 GET /admin
2025-01-16T14:42:14.486Z ::1 - 200 GET /style.css
2025-01-16T14:42:14.520Z ::1 - 200 GET /api/product
2025-01-16T14:42:14.524Z ::1 - 200 GET /api/order
2025-01-16T14:42:14.546Z ::1 - 200 GET /favicon.ico
2025-01-16T14:42:16.604Z ::1 - 200 GET /admin/orders
2025-01-16T14:42:16.636Z ::1 - 200 GET /style.css
2025-01-16T14:42:16.654Z ::1 - 200 GET /api/order
2025-01-16T14:42:16.670Z ::1 - 200 GET /favicon.ico
2025-01-16T14:42:16.679Z ::1 - 200 GET /icons/eye.svg
2025-01-16T14:42:18.093Z ::1 - 200 GET /admin/order/2
2025-01-16T14:42:18.137Z ::1 - 200 GET /style.css
2025-01-16T14:42:18.148Z ::1 - 200 GET /api/order/2
2025-01-16T14:42:18.159Z ::1 - 200 GET /favicon.ico
2025-01-16T14:42:19.313Z ::1 - 200 GET /admin/products
2025-01-16T14:42:19.344Z ::1 - 200 GET /style.css
2025-01-16T14:42:19.354Z ::1 - 200 GET /icons/plus.svg
2025-01-16T14:42:19.360Z ::1 - 200 GET /api/product
2025-01-16T14:42:19.373Z ::1 - 200 GET /icons/pencil.svg
2025-01-16T14:42:19.373Z ::1 - 200 GET /favicon.ico
2025-01-16T14:42:20.440Z ::1 - 200 GET /admin/administrators
2025-01-16T14:42:20.469Z ::1 - 200 GET /style.css
2025-01-16T14:42:20.485Z ::1 - 200 GET /api/auth/users
2025-01-16T14:42:20.502Z ::1 - 200 GET /icons/circle-user.svg
2025-01-16T14:42:20.503Z ::1 - 200 GET /favicon.ico
2025-01-16T14:42:33.574Z ::1 - 200 GET /test
2025-01-16T14:42:33.625Z ::1 - 200 GET /favicon.ico
2025-01-16T14:42:51.496Z ::1 - 200 GET /
2025-01-16T14:42:51.506Z ::1 - 200 GET /icons/shopping-bag.svg
2025-01-16T14:42:51.507Z ::1 - 200 GET /style.css
2025-01-16T14:42:51.529Z ::1 - 200 GET /icons/x.svg
2025-01-16T14:42:51.545Z ::1 - 200 GET /api/product
2025-01-16T14:42:51.566Z ::1 - 200 GET /uploads/1736963086219.jpg
2025-01-16T14:42:51.566Z ::1 - 200 GET /uploads/1736969074731.jpg
2025-01-16T14:42:51.567Z ::1 - 200 GET /uploads/1736969260567.jpg
2025-01-16T14:42:51.570Z ::1 - 200 GET /uploads/1737037434827.jpg
2025-01-16T14:42:51.707Z ::1 - 200 GET /favicon.ico
2025-01-16T14:43:15.755Z ::1 - 200 POST /api/order
2025-01-16T14:43:19.578Z ::1 - 200 GET /login
2025-01-16T14:43:19.587Z ::1 - 200 GET /style.css
2025-01-16T14:43:19.762Z ::1 - 200 GET /admin
2025-01-16T14:43:19.771Z ::1 - 200 GET /style.css
2025-01-16T14:43:19.806Z ::1 - 200 GET /api/product
2025-01-16T14:43:19.829Z ::1 - 200 GET /api/order
2025-01-16T14:43:20.670Z ::1 - 200 GET /favicon.ico
2025-01-16T14:43:22.161Z ::1 - 200 GET /admin/orders
2025-01-16T14:43:22.206Z ::1 - 200 GET /style.css
2025-01-16T14:43:22.213Z ::1 - 200 GET /api/order
2025-01-16T14:43:22.227Z ::1 - 200 GET /favicon.ico
2025-01-16T14:43:22.227Z ::1 - 200 GET /icons/eye.svg
2025-01-16T14:43:25.651Z ::1 - 200 GET /admin/order/3
2025-01-16T14:43:25.692Z ::1 - 200 GET /style.css
2025-01-16T14:43:25.701Z ::1 - 200 GET /api/order/3
2025-01-16T14:43:25.712Z ::1 - 200 GET /favicon.ico
2025-01-16T14:43:29.121Z ::1 - 200 GET /favicon.ico
2025-01-16T14:43:31.338Z ::1 - 200 GET /admin/order/3
2025-01-16T14:43:31.371Z ::1 - 200 GET /style.css
2025-01-16T14:43:31.385Z ::1 - 200 GET /api/order/3
2025-01-16T14:43:31.395Z ::1 - 200 GET /favicon.ico
2025-01-16T14:43:35.636Z ::1 - 200 GET /favicon.ico
2025-01-16T14:44:07.760Z ::1 - 200 GET /admin/orders
2025-01-16T14:44:07.792Z ::1 - 200 GET /style.css
2025-01-16T14:44:07.829Z ::1 - 200 GET /api/order
2025-01-16T14:44:07.839Z ::1 - 200 GET /icons/eye.svg
2025-01-16T14:44:07.866Z ::1 - 200 GET /favicon.ico
2025-01-16T14:44:18.605Z ::1 - 200 GET /admin/products
2025-01-16T14:44:18.651Z ::1 - 200 GET /style.css
2025-01-16T14:44:18.652Z ::1 - 200 GET /icons/plus.svg
2025-01-16T14:44:18.656Z ::1 - 200 GET /api/product
2025-01-16T14:44:18.665Z ::1 - 200 GET /icons/pencil.svg
2025-01-16T14:44:18.675Z ::1 - 200 GET /favicon.ico
2025-01-16T14:44:20.287Z ::1 - 200 GET /admin/orders
2025-01-16T14:44:20.332Z ::1 - 200 GET /style.css
2025-01-16T14:44:20.336Z ::1 - 200 GET /api/order
2025-01-16T14:44:20.347Z ::1 - 200 GET /favicon.ico
2025-01-16T14:44:20.356Z ::1 - 200 GET /icons/eye.svg
2025-01-16T14:44:21.575Z ::1 - 200 GET /admin/products
2025-01-16T14:44:21.615Z ::1 - 200 GET /style.css
2025-01-16T14:44:21.622Z ::1 - 200 GET /icons/plus.svg
2025-01-16T14:44:21.626Z ::1 - 200 GET /api/product
2025-01-16T14:44:21.642Z ::1 - 200 GET /favicon.ico
2025-01-16T14:44:21.643Z ::1 - 200 GET /icons/pencil.svg
2025-01-16T14:44:22.100Z ::1 - 200 GET /admin/orders
2025-01-16T14:44:22.131Z ::1 - 200 GET /style.css
2025-01-16T14:44:22.148Z ::1 - 200 GET /api/order
2025-01-16T14:44:22.159Z ::1 - 200 GET /favicon.ico
2025-01-16T14:44:22.160Z ::1 - 200 GET /icons/eye.svg
2025-01-16T14:44:22.884Z ::1 - 200 GET /admin/order/2
2025-01-16T14:44:22.916Z ::1 - 200 GET /style.css
2025-01-16T14:44:22.933Z ::1 - 200 GET /api/order/2
2025-01-16T14:44:22.941Z ::1 - 200 GET /favicon.ico
2025-01-16T14:53:39.930Z ::1 - 200 GET /admin/order/2
2025-01-16T14:53:39.976Z ::1 - 200 GET /style.css
2025-01-16T14:53:40.035Z ::1 - 200 GET /api/order/2
2025-01-16T14:53:40.075Z ::1 - 200 GET /favicon.ico
2025-01-16T14:53:41.042Z ::1 - 200 GET /admin/products
2025-01-16T14:53:41.080Z ::1 - 200 GET /style.css
2025-01-16T14:53:41.085Z ::1 - 200 GET /icons/plus.svg
2025-01-16T14:53:41.089Z ::1 - 200 GET /api/product
2025-01-16T14:53:41.103Z ::1 - 200 GET /icons/pencil.svg
2025-01-16T14:53:41.108Z ::1 - 200 GET /favicon.ico
2025-01-16T14:53:41.507Z ::1 - 200 GET /admin
2025-01-16T14:53:41.536Z ::1 - 200 GET /style.css
2025-01-16T14:53:41.556Z ::1 - 200 GET /api/product
2025-01-16T14:53:41.568Z ::1 - 200 GET /favicon.ico
2025-01-16T14:53:41.569Z ::1 - 200 GET /api/order
2025-01-16T14:53:42.150Z ::1 - 200 GET /admin/products
2025-01-16T14:53:42.179Z ::1 - 200 GET /style.css
2025-01-16T14:53:42.189Z ::1 - 200 GET /icons/plus.svg
2025-01-16T14:53:42.197Z ::1 - 200 GET /api/product
2025-01-16T14:53:42.211Z ::1 - 200 GET /icons/pencil.svg
2025-01-16T14:53:42.212Z ::1 - 200 GET /favicon.ico
2025-01-16T14:53:43.199Z ::1 - 200 GET /admin/orders
2025-01-16T14:53:43.231Z ::1 - 200 GET /style.css
2025-01-16T14:53:43.244Z ::1 - 200 GET /api/order
2025-01-16T14:53:43.254Z ::1 - 200 GET /favicon.ico
2025-01-16T14:53:43.263Z ::1 - 200 GET /icons/eye.svg
2025-01-16T14:53:44.079Z ::1 - 200 GET /admin/order/2
2025-01-16T14:53:44.110Z ::1 - 200 GET /style.css
2025-01-16T14:53:44.127Z ::1 - 200 GET /api/order/2
2025-01-16T14:53:44.138Z ::1 - 200 GET /favicon.ico
2025-01-16T14:53:45.169Z ::1 - 200 GET /favicon.ico
2025-01-16T14:53:46.266Z ::1 - 200 GET /admin/products
2025-01-16T14:53:46.304Z ::1 - 200 GET /style.css
2025-01-16T14:53:46.308Z ::1 - 200 GET /icons/plus.svg
2025-01-16T14:53:46.311Z ::1 - 200 GET /api/product
2025-01-16T14:53:46.322Z ::1 - 200 GET /icons/pencil.svg
2025-01-16T14:53:46.323Z ::1 - 200 GET /favicon.ico
2025-01-16T14:53:46.867Z ::1 - 200 GET /admin/administrators
2025-01-16T14:53:46.900Z ::1 - 200 GET /style.css
2025-01-16T14:53:46.920Z ::1 - 200 GET /api/auth/users
2025-01-16T14:53:46.932Z ::1 - 200 GET /favicon.ico
2025-01-16T14:53:46.934Z ::1 - 200 GET /icons/circle-user.svg
2025-01-16T14:53:48.412Z ::1 - 200 GET /admin/administrators
2025-01-16T14:53:48.450Z ::1 - 200 GET /style.css
2025-01-16T14:53:48.459Z ::1 - 200 GET /api/auth/users
2025-01-16T14:53:48.470Z ::1 - 200 GET /favicon.ico
2025-01-16T14:53:48.470Z ::1 - 200 GET /icons/circle-user.svg
2025-01-16T14:53:49.249Z ::1 - 200 GET /admin
2025-01-16T14:53:49.281Z ::1 - 200 GET /style.css
2025-01-16T14:53:49.302Z ::1 - 200 GET /api/product
2025-01-16T14:53:49.308Z ::1 - 200 GET /favicon.ico
2025-01-16T14:53:49.314Z ::1 - 200 GET /api/order
2025-01-16T14:53:49.963Z ::1 - 200 POST /api/auth/logout
2025-01-16T14:53:49.972Z ::1 - 200 GET /login
2025-01-16T14:53:50.008Z ::1 - 200 GET /style.css
2025-01-16T14:53:50.029Z ::1 - 200 GET /favicon.ico
2025-01-16T14:53:52.307Z ::1 - 200 GET /
2025-01-16T14:53:52.318Z ::1 - 200 GET /style.css
2025-01-16T14:53:52.318Z ::1 - 200 GET /icons/shopping-bag.svg
2025-01-16T14:53:52.336Z ::1 - 200 GET /icons/x.svg
2025-01-16T14:53:52.351Z ::1 - 200 GET /api/product
2025-01-16T14:53:52.371Z ::1 - 200 GET /uploads/1736963086219.jpg
2025-01-16T14:53:52.372Z ::1 - 200 GET /uploads/1736969074731.jpg
2025-01-16T14:53:52.372Z ::1 - 200 GET /uploads/1736969260567.jpg
2025-01-16T14:53:52.376Z ::1 - 200 GET /uploads/1737037434827.jpg
2025-01-16T14:53:52.620Z ::1 - 200 GET /favicon.ico
2025-01-16T14:54:02.510Z ::1 - 200 GET /style.css
2025-01-16T14:55:00.027Z ::1 - 200 GET /admin
2025-01-16T14:55:00.091Z ::1 - 200 GET /favicon.ico
2025-01-16T14:55:09.387Z ::1 - 200 GET /login
2025-01-16T14:55:09.434Z ::1 - 200 GET /style.css
2025-01-16T14:55:09.483Z ::1 - 200 GET /favicon.ico
2025-01-16T14:55:16.675Z ::1 - 200 POST /api/auth/login
2025-01-16T14:55:16.756Z ::1 - 200 GET /admin
2025-01-16T14:55:16.822Z ::1 - 200 GET /style.css
2025-01-16T14:55:16.836Z ::1 - 200 GET /api/product
2025-01-16T14:55:16.857Z ::1 - 200 GET /api/order
2025-01-16T14:55:16.867Z ::1 - 200 GET /favicon.ico
2025-01-16T14:55:20.625Z ::1 - 200 GET /admin/products
2025-01-16T14:55:20.687Z ::1 - 200 GET /style.css
2025-01-16T14:55:20.688Z ::1 - 200 GET /icons/plus.svg
2025-01-16T14:55:20.704Z ::1 - 200 GET /api/product
2025-01-16T14:55:20.725Z ::1 - 200 GET /icons/pencil.svg
2025-01-16T14:55:20.745Z ::1 - 200 GET /favicon.ico
2025-01-16T14:55:22.783Z ::1 - 200 GET /admin/product/new
2025-01-16T14:55:22.842Z ::1 - 200 GET /style.css
2025-01-16T14:55:22.893Z ::1 - 200 GET /favicon.ico
2025-01-16T14:56:44.887Z ::1 - 200 POST /api/product
2025-01-16T14:56:47.430Z ::1 - 200 GET /admin/products
2025-01-16T14:56:47.480Z ::1 - 200 GET /style.css
2025-01-16T14:56:47.482Z ::1 - 200 GET /icons/plus.svg
2025-01-16T14:56:47.495Z ::1 - 200 GET /api/product
2025-01-16T14:56:47.520Z ::1 - 200 GET /icons/pencil.svg
2025-01-16T14:56:47.521Z ::1 - 200 GET /favicon.ico
2025-01-16T14:56:50.472Z ::1 - 200 GET /admin/product/edit/7
2025-01-16T14:56:50.534Z ::1 - 200 GET /style.css
2025-01-16T14:56:50.540Z ::1 - 200 GET /api/product/7
2025-01-16T14:56:50.579Z ::1 - 200 GET /favicon.ico
2025-01-16T14:56:56.422Z ::1 - 200 PUT /api/product/7
2025-01-16T14:56:57.387Z ::1 - 200 GET /admin/products
2025-01-16T14:56:57.438Z ::1 - 200 GET /style.css
2025-01-16T14:56:57.440Z ::1 - 200 GET /icons/plus.svg
2025-01-16T14:56:57.445Z ::1 - 200 GET /api/product
2025-01-16T14:56:57.470Z ::1 - 200 GET /icons/pencil.svg
2025-01-16T14:56:57.475Z ::1 - 200 GET /favicon.ico
2025-01-16T14:57:01.385Z ::1 - 200 GET /
2025-01-16T14:57:01.433Z ::1 - 200 GET /style.css
2025-01-16T14:57:01.434Z ::1 - 200 GET /icons/shopping-bag.svg
2025-01-16T14:57:01.436Z ::1 - 200 GET /icons/x.svg
2025-01-16T14:57:01.449Z ::1 - 200 GET /api/product
2025-01-16T14:57:01.470Z ::1 - 200 GET /uploads/1736963086219.jpg
2025-01-16T14:57:01.471Z ::1 - 200 GET /uploads/1736969074731.jpg
2025-01-16T14:57:01.471Z ::1 - 200 GET /uploads/1737039404892.jpg
2025-01-16T14:57:01.471Z ::1 - 200 GET /uploads/1736969260567.jpg
2025-01-16T14:57:01.472Z ::1 - 200 GET /uploads/1737037434827.jpg
2025-01-16T14:57:01.719Z ::1 - 200 GET /favicon.ico
2025-01-16T14:59:04.626Z ::1 - 200 GET /
2025-01-16T14:59:04.650Z ::1 - 200 GET /style.css
2025-01-16T14:59:04.657Z ::1 - 200 GET /icons/shopping-bag.svg
2025-01-16T14:59:04.658Z ::1 - 200 GET /icons/x.svg
2025-01-16T14:59:04.721Z ::1 - 200 GET /api/product
2025-01-16T14:59:04.733Z ::1 - 200 GET /uploads/1736963086219.jpg
2025-01-16T14:59:04.734Z ::1 - 200 GET /uploads/1736969074731.jpg
2025-01-16T14:59:04.735Z ::1 - 200 GET /uploads/1737039404892.jpg
2025-01-16T14:59:04.735Z ::1 - 200 GET /uploads/1737037434827.jpg
2025-01-16T14:59:04.735Z ::1 - 200 GET /uploads/1736969260567.jpg
2025-01-16T14:59:05.082Z ::1 - 200 GET /favicon.ico
2025-01-16T14:59:12.095Z ::1 - 200 GET /
2025-01-16T14:59:12.117Z ::1 - 200 GET /style.css
2025-01-16T14:59:12.123Z ::1 - 200 GET /icons/shopping-bag.svg
2025-01-16T14:59:12.125Z ::1 - 200 GET /icons/x.svg
2025-01-16T14:59:12.158Z ::1 - 200 GET /api/product
2025-01-16T14:59:12.166Z ::1 - 200 GET /uploads/1736963086219.jpg
2025-01-16T14:59:12.166Z ::1 - 200 GET /uploads/1736969074731.jpg
2025-01-16T14:59:12.168Z ::1 - 200 GET /uploads/1736969260567.jpg
2025-01-16T14:59:12.169Z ::1 - 200 GET /uploads/1737037434827.jpg
2025-01-16T14:59:12.169Z ::1 - 200 GET /uploads/1737039404892.jpg
2025-01-16T14:59:12.744Z ::1 - 200 GET /favicon.ico
2025-01-16T14:59:26.103Z ::1 - 200 GET /style.css
2025-01-16T15:00:44.623Z ::1 - 200 GET /
2025-01-16T15:00:44.658Z ::1 - 200 GET /style.css
2025-01-16T15:00:44.659Z ::1 - 200 GET /icons/shopping-bag.svg
2025-01-16T15:00:44.662Z ::1 - 200 GET /icons/x.svg
2025-01-16T15:00:44.725Z ::1 - 200 GET /api/product
2025-01-16T15:00:44.737Z ::1 - 200 GET /uploads/1736963086219.jpg
2025-01-16T15:00:44.738Z ::1 - 200 GET /uploads/1736969074731.jpg
2025-01-16T15:00:44.739Z ::1 - 200 GET /uploads/1736969260567.jpg
2025-01-16T15:00:44.739Z ::1 - 200 GET /uploads/1737037434827.jpg
2025-01-16T15:00:44.739Z ::1 - 200 GET /uploads/1737039404892.jpg
2025-01-16T15:00:45.219Z ::1 - 200 GET /favicon.ico
2025-01-16T15:01:26.350Z ::1 - 200 GET /
2025-01-16T15:01:26.390Z ::1 - 200 GET /style.css
2025-01-16T15:01:26.391Z ::1 - 200 GET /icons/shopping-bag.svg
2025-01-16T15:01:26.393Z ::1 - 200 GET /icons/x.svg
2025-01-16T15:01:26.462Z ::1 - 200 GET /api/product
2025-01-16T15:01:26.470Z ::1 - 200 GET /uploads/1736963086219.jpg
2025-01-16T15:01:26.471Z ::1 - 200 GET /uploads/1736969074731.jpg
2025-01-16T15:01:26.472Z ::1 - 200 GET /uploads/1736969260567.jpg
2025-01-16T15:01:26.473Z ::1 - 200 GET /uploads/1737037434827.jpg
2025-01-16T15:01:26.474Z ::1 - 200 GET /uploads/1737039404892.jpg
2025-01-16T15:01:26.829Z ::1 - 200 GET /favicon.ico
2025-01-16T15:01:37.242Z ::1 - 200 GET /
2025-01-16T15:01:37.278Z ::1 - 200 GET /style.css
2025-01-16T15:01:37.280Z ::1 - 200 GET /icons/shopping-bag.svg
2025-01-16T15:01:37.282Z ::1 - 200 GET /icons/x.svg
2025-01-16T15:01:37.312Z ::1 - 200 GET /api/product
2025-01-16T15:01:37.321Z ::1 - 200 GET /uploads/1736963086219.jpg
2025-01-16T15:01:37.322Z ::1 - 200 GET /uploads/1736969074731.jpg
2025-01-16T15:01:37.323Z ::1 - 200 GET /uploads/1736969260567.jpg
2025-01-16T15:01:37.323Z ::1 - 200 GET /uploads/1737037434827.jpg
2025-01-16T15:01:37.324Z ::1 - 200 GET /uploads/1737039404892.jpg
2025-01-16T15:01:37.916Z ::1 - 200 GET /favicon.ico
2025-01-16T15:01:41.853Z ::1 - 200 GET /
2025-01-16T15:01:41.888Z ::1 - 200 GET /style.css
2025-01-16T15:01:41.889Z ::1 - 200 GET /icons/shopping-bag.svg
2025-01-16T15:01:41.894Z ::1 - 200 GET /icons/x.svg
2025-01-16T15:01:41.925Z ::1 - 200 GET /api/product
2025-01-16T15:01:41.936Z ::1 - 200 GET /uploads/1736963086219.jpg
2025-01-16T15:01:41.937Z ::1 - 200 GET /uploads/1736969074731.jpg
2025-01-16T15:01:41.937Z ::1 - 200 GET /uploads/1736969260567.jpg
2025-01-16T15:01:41.938Z ::1 - 200 GET /uploads/1737037434827.jpg
2025-01-16T15:01:41.939Z ::1 - 200 GET /uploads/1737039404892.jpg
2025-01-16T15:01:42.381Z ::1 - 200 GET /favicon.ico
2025-01-16T15:01:56.220Z ::1 - 200 GET /
2025-01-16T15:01:56.260Z ::1 - 200 GET /style.css
2025-01-16T15:01:56.262Z ::1 - 200 GET /icons/shopping-bag.svg
2025-01-16T15:01:56.267Z ::1 - 200 GET /icons/x.svg
2025-01-16T15:01:56.299Z ::1 - 200 GET /api/product
2025-01-16T15:01:56.308Z ::1 - 200 GET /uploads/1736963086219.jpg
2025-01-16T15:01:56.309Z ::1 - 200 GET /uploads/1736969074731.jpg
2025-01-16T15:01:56.312Z ::1 - 200 GET /uploads/1736969260567.jpg
2025-01-16T15:01:56.313Z ::1 - 200 GET /uploads/1737037434827.jpg
2025-01-16T15:01:56.313Z ::1 - 200 GET /uploads/1737039404892.jpg
2025-01-16T15:01:56.800Z ::1 - 200 GET /favicon.ico
2025-01-16T15:31:34.786Z ::1 - 200 GET /
2025-01-16T15:31:34.810Z ::1 - 200 GET /style.css
2025-01-16T15:31:34.811Z ::1 - 200 GET /icons/shopping-bag.svg
2025-01-16T15:31:34.830Z ::1 - 200 GET /icons/x.svg
2025-01-16T15:31:34.878Z ::1 - 200 GET /api/product
2025-01-16T15:31:34.900Z ::1 - 200 GET /uploads/1736963086219.jpg
2025-01-16T15:31:34.901Z ::1 - 200 GET /uploads/1736969074731.jpg
2025-01-16T15:31:34.902Z ::1 - 200 GET /uploads/1737037434827.jpg
2025-01-16T15:31:34.904Z ::1 - 200 GET /uploads/1736969260567.jpg
2025-01-16T15:31:34.905Z ::1 - 200 GET /uploads/1737039404892.jpg
2025-01-16T15:31:35.242Z ::1 - 200 GET /favicon.ico
2025-01-16T15:31:41.583Z ::1 - 200 GET /test
2025-01-16T15:31:41.590Z ::1 - 200 GET /icons/triangle-alert.svg
2025-01-16T15:31:42.316Z ::1 - 200 GET /favicon.ico
2025-01-16T15:31:50.234Z ::1 - 200 GET /favicon.ico
2025-01-16T15:31:52.824Z ::1 - 200 GET /
2025-01-16T15:31:52.834Z ::1 - 200 GET /style.css
2025-01-16T15:31:52.835Z ::1 - 200 GET /icons/shopping-bag.svg
2025-01-16T15:31:52.856Z ::1 - 200 GET /icons/x.svg
2025-01-16T15:31:52.872Z ::1 - 200 GET /api/product
2025-01-16T15:31:52.893Z ::1 - 200 GET /uploads/1736963086219.jpg
2025-01-16T15:31:52.894Z ::1 - 200 GET /uploads/1736969074731.jpg
2025-01-16T15:31:52.894Z ::1 - 200 GET /uploads/1736969260567.jpg
2025-01-16T15:31:52.898Z ::1 - 200 GET /uploads/1737037434827.jpg
2025-01-16T15:31:52.899Z ::1 - 200 GET /uploads/1737039404892.jpg
2025-01-16T15:31:53.126Z ::1 - 200 GET /
2025-01-16T15:31:53.155Z ::1 - 200 GET /style.css
2025-01-16T15:31:53.166Z ::1 - 200 GET /icons/shopping-bag.svg
2025-01-16T15:31:53.167Z ::1 - 200 GET /icons/x.svg
2025-01-16T15:31:53.173Z ::1 - 200 GET /api/product
2025-01-16T15:31:53.192Z ::1 - 200 GET /uploads/1736963086219.jpg
2025-01-16T15:31:53.192Z ::1 - 200 GET /uploads/1736969074731.jpg
2025-01-16T15:31:53.193Z ::1 - 200 GET /uploads/1737037434827.jpg
2025-01-16T15:31:53.194Z ::1 - 200 GET /uploads/1736969260567.jpg
2025-01-16T15:31:53.195Z ::1 - 200 GET /uploads/1737039404892.jpg
2025-01-16T15:31:53.478Z ::1 - 200 GET /favicon.ico
2025-01-16T15:32:02.438Z ::1 - 200 GET /style.css
2025-01-16T15:32:51.308Z ::1 - 200 GET /test
2025-01-16T15:32:51.340Z ::1 - 200 GET /style.css
2025-01-16T15:32:51.343Z ::1 - 200 GET /icons/triangle-alert.svg
2025-01-16T15:32:51.444Z ::1 - 200 GET /favicon.ico
2025-01-16T15:33:16.299Z ::1 - 200 GET /test
2025-01-16T15:33:16.337Z ::1 - 200 GET /style.css
2025-01-16T15:33:16.338Z ::1 - 200 GET /icons/triangle-alert.svg
2025-01-16T15:33:16.387Z ::1 - 200 GET /favicon.ico
2025-01-16T15:33:39.339Z ::1 - 200 GET /test
2025-01-16T15:33:39.381Z ::1 - 200 GET /style.css
2025-01-16T15:33:39.383Z ::1 - 200 GET /icons/triangle-alert.svg
2025-01-16T15:33:39.438Z ::1 - 200 GET /favicon.ico
2025-01-16T15:34:07.818Z ::1 - 200 GET /test
2025-01-16T15:34:07.860Z ::1 - 200 GET /style.css
2025-01-16T15:34:07.862Z ::1 - 200 GET /icons/triangle-alert.svg
2025-01-16T15:34:07.946Z ::1 - 200 GET /favicon.ico
2025-01-16T15:34:47.673Z ::1 - 200 GET /test
2025-01-16T15:34:47.706Z ::1 - 200 GET /style.css
2025-01-16T15:34:47.707Z ::1 - 200 GET /icons/triangle-alert.svg
2025-01-16T15:34:47.769Z ::1 - 200 GET /favicon.ico
2025-01-16T15:35:15.018Z ::1 - 200 GET /test
2025-01-16T15:35:15.064Z ::1 - 200 GET /style.css
2025-01-16T15:35:15.065Z ::1 - 200 GET /icons/triangle-alert.svg
2025-01-16T15:35:15.129Z ::1 - 200 GET /favicon.ico
2025-01-16T15:35:34.793Z ::1 - 200 GET /test
2025-01-16T15:35:34.827Z ::1 - 200 GET /style.css
2025-01-16T15:35:34.829Z ::1 - 200 GET /icons/triangle-alert.svg
2025-01-16T15:35:34.893Z ::1 - 200 GET /favicon.ico
2025-01-16T15:35:44.694Z ::1 - 200 GET /test
2025-01-16T15:35:44.736Z ::1 - 200 GET /style.css
2025-01-16T15:35:44.738Z ::1 - 200 GET /icons/triangle-alert.svg
2025-01-16T15:35:44.793Z ::1 - 200 GET /favicon.ico
2025-01-16T15:36:09.347Z ::1 - 200 GET /test
2025-01-16T15:36:09.377Z ::1 - 200 GET /style.css
2025-01-16T15:36:09.385Z ::1 - 200 GET /icons/triangle-alert.svg
2025-01-16T15:36:09.436Z ::1 - 200 GET /favicon.ico
2025-01-16T15:36:31.423Z ::1 - 200 GET /test
2025-01-16T15:36:31.461Z ::1 - 200 GET /style.css
2025-01-16T15:36:31.461Z ::1 - 200 GET /icons/triangle-alert.svg
2025-01-16T15:36:31.543Z ::1 - 200 GET /favicon.ico
2025-01-16T15:37:11.037Z ::1 - 200 GET /test
2025-01-16T15:37:11.054Z ::1 - 200 GET /style.css
2025-01-16T15:37:11.054Z ::1 - 200 GET /icons/triangle-alert.svg
2025-01-16T15:37:11.138Z ::1 - 200 GET /favicon.ico
2025-01-16T15:37:17.395Z ::1 - 200 GET /test
2025-01-16T15:37:17.430Z ::1 - 200 GET /style.css
2025-01-16T15:37:17.431Z ::1 - 200 GET /icons/triangle-alert.svg
2025-01-16T15:37:17.491Z ::1 - 200 GET /favicon.ico
2025-01-16T15:37:24.334Z ::1 - 200 GET /test
2025-01-16T15:37:24.370Z ::1 - 200 GET /style.css
2025-01-16T15:37:24.372Z ::1 - 200 GET /icons/triangle-alert.svg
2025-01-16T15:37:24.427Z ::1 - 200 GET /favicon.ico
2025-01-16T15:37:29.035Z ::1 - 200 GET /test
2025-01-16T15:37:29.054Z ::1 - 200 GET /style.css
2025-01-16T15:37:29.054Z ::1 - 200 GET /icons/triangle-alert.svg
2025-01-16T15:37:29.129Z ::1 - 200 GET /favicon.ico
2025-01-16T15:37:34.600Z ::1 - 200 GET /test
2025-01-16T15:37:34.642Z ::1 - 200 GET /style.css
2025-01-16T15:37:34.645Z ::1 - 200 GET /icons/triangle-alert.svg
2025-01-16T15:37:34.696Z ::1 - 200 GET /favicon.ico
2025-01-16T15:37:38.584Z ::1 - 200 GET /test
2025-01-16T15:37:38.623Z ::1 - 200 GET /style.css
2025-01-16T15:37:38.625Z ::1 - 200 GET /icons/triangle-alert.svg
2025-01-16T15:37:38.679Z ::1 - 200 GET /favicon.ico
2025-01-16T15:37:52.299Z ::1 - 200 GET /login
2025-01-16T15:37:52.351Z ::1 - 200 GET /style.css
2025-01-16T15:37:52.392Z ::1 - 200 GET /favicon.ico
2025-01-16T15:39:08.451Z ::1 - 200 GET /login
2025-01-16T15:39:08.489Z ::1 - 200 GET /style.css
2025-01-16T15:39:08.576Z ::1 - 200 GET /favicon.ico
2025-01-16T15:40:06.260Z ::1 - 200 GET /login
2025-01-16T15:40:06.295Z ::1 - 200 GET /style.css
2025-01-16T15:40:06.376Z ::1 - 200 GET /favicon.ico
2025-01-16T15:40:43.821Z ::1 - 200 GET /blbost
2025-01-16T15:40:43.863Z ::1 - 200 GET /style.css
2025-01-16T15:40:43.864Z ::1 - 200 GET /icons/triangle-alert.svg
2025-01-16T15:40:43.881Z ::1 - 200 GET /favicon.ico
2025-01-16T15:40:52.291Z ::1 - 200 GET /
2025-01-16T15:40:52.300Z ::1 - 200 GET /icons/shopping-bag.svg
2025-01-16T15:40:52.300Z ::1 - 200 GET /style.css
2025-01-16T15:40:52.326Z ::1 - 200 GET /icons/x.svg
2025-01-16T15:40:52.356Z ::1 - 200 GET /api/product
2025-01-16T15:40:52.371Z ::1 - 200 GET /uploads/1736963086219.jpg
2025-01-16T15:40:52.371Z ::1 - 200 GET /uploads/1736969260567.jpg
2025-01-16T15:40:52.371Z ::1 - 200 GET /uploads/1736969074731.jpg
2025-01-16T15:40:52.375Z ::1 - 200 GET /uploads/1737037434827.jpg
2025-01-16T15:40:52.376Z ::1 - 200 GET /uploads/1737039404892.jpg
2025-01-16T15:40:52.751Z ::1 - 200 GET /favicon.ico
2025-01-16T15:40:55.292Z ::1 - 200 GET /login
2025-01-16T15:40:55.299Z ::1 - 200 GET /style.css
2025-01-16T15:40:56.263Z ::1 - 200 GET /favicon.ico
2025-01-16T15:40:59.030Z ::1 - 200 POST /api/auth/login
2025-01-16T15:40:59.873Z ::1 - 200 POST /api/auth/login
2025-01-16T15:41:00.082Z ::1 - 200 POST /api/auth/login
2025-01-16T15:41:00.263Z ::1 - 200 POST /api/auth/login
2025-01-16T15:41:00.439Z ::1 - 200 POST /api/auth/login
2025-01-16T15:41:01.131Z ::1 - 200 POST /api/auth/login
2025-01-16T15:41:02.214Z ::1 - 200 POST /api/auth/login
2025-01-16T15:41:09.218Z ::1 - 200 GET /test
2025-01-16T15:41:09.224Z ::1 - 200 GET /style.css
2025-01-16T15:41:09.225Z ::1 - 200 GET /icons/triangle-alert.svg
2025-01-16T15:41:09.807Z ::1 - 200 GET /favicon.ico
2025-01-16T15:41:17.051Z ::1 - 200 GET /
2025-01-16T15:41:17.059Z ::1 - 200 GET /icons/shopping-bag.svg
2025-01-16T15:41:17.059Z ::1 - 200 GET /style.css
2025-01-16T15:41:17.081Z ::1 - 200 GET /icons/x.svg
2025-01-16T15:41:17.098Z ::1 - 200 GET /api/product
2025-01-16T15:41:17.119Z ::1 - 200 GET /uploads/1736963086219.jpg
2025-01-16T15:41:17.119Z ::1 - 200 GET /uploads/1736969074731.jpg
2025-01-16T15:41:17.119Z ::1 - 200 GET /uploads/1736969260567.jpg
2025-01-16T15:41:17.123Z ::1 - 200 GET /uploads/1737037434827.jpg
2025-01-16T15:41:17.123Z ::1 - 200 GET /uploads/1737039404892.jpg
2025-01-16T15:41:17.699Z ::1 - 200 GET /favicon.ico
